<?xml version="1.0" encoding="UTF-8" ?>
<testsuite failures="0" time="0.211" errors="0" skipped="0" tests="7" name="model.UserTest">
  <properties>
    <property name="java.runtime.name" value="Java(TM) SE Runtime Environment"/>
    <property name="sun.boot.library.path" value="/Library/Java/JavaVirtualMachines/jdk1.7.0_10.jdk/Contents/Home/jre/lib"/>
    <property name="java.vm.version" value="23.6-b04"/>
    <property name="gopherProxySet" value="false"/>
    <property name="java.vm.vendor" value="Oracle Corporation"/>
    <property name="java.vendor.url" value="http://java.oracle.com/"/>
    <property name="path.separator" value=":"/>
    <property name="java.vm.name" value="Java HotSpot(TM) 64-Bit Server VM"/>
    <property name="file.encoding.pkg" value="sun.io"/>
    <property name="user.country" value="DE"/>
    <property name="sun.java.launcher" value="SUN_STANDARD"/>
    <property name="sun.os.patch.level" value="unknown"/>
    <property name="java.vm.specification.name" value="Java Virtual Machine Specification"/>
    <property name="user.dir" value="/Users/mvm/Documents/Eclipse/QualityGates/code/qualitygates/work/jobs/Project One/workspace"/>
    <property name="java.runtime.version" value="1.7.0_10-b18"/>
    <property name="java.awt.graphicsenv" value="sun.awt.CGraphicsEnvironment"/>
    <property name="basedir" value="/Users/mvm/Documents/Eclipse/QualityGates/code/qualitygates/work/jobs/Project One/workspace"/>
    <property name="java.endorsed.dirs" value="/Library/Java/JavaVirtualMachines/jdk1.7.0_10.jdk/Contents/Home/jre/lib/endorsed"/>
    <property name="os.arch" value="x86_64"/>
    <property name="surefire.real.class.path" value="/Users/mvm/Documents/Eclipse/QualityGates/code/qualitygates/work/jobs/Project One/workspace/target/surefire/surefirebooter8568988537181873199.jar:/Users/mvm/.m2/repository/org/jacoco/org.jacoco.agent/0.6.2.201302030002/org.jacoco.agent-0.6.2.201302030002-runtime.jar"/>
    <property name="java.io.tmpdir" value="/var/folders/13/64k2_00x66zdzpxbchgvr7xw0000gn/T/"/>
    <property name="line.separator" value="
"/>
    <property name="java.vm.specification.vendor" value="Oracle Corporation"/>
    <property name="os.name" value="Mac OS X"/>
    <property name="sun.jnu.encoding" value="UTF-8"/>
    <property name="java.library.path" value="/Users/mvm/Library/Java/Extensions:/Library/Java/Extensions:/Network/Library/Java/Extensions:/System/Library/Java/Extensions:/usr/lib/java:."/>
    <property name="surefire.test.class.path" value="/Users/mvm/Documents/Eclipse/QualityGates/code/qualitygates/work/jobs/Project One/workspace/target/test-classes:/Users/mvm/Documents/Eclipse/QualityGates/code/qualitygates/work/jobs/Project One/workspace/target/classes:/Users/mvm/.m2/repository/junit/junit-dep/4.8.2/junit-dep-4.8.2.jar:/Users/mvm/.m2/repository/org/hamcrest/hamcrest-core/1.1/hamcrest-core-1.1.jar:/Users/mvm/.m2/repository/org/jacoco/jacoco-maven-plugin/0.6.2.201302030002/jacoco-maven-plugin-0.6.2.201302030002.jar:/Users/mvm/.m2/repository/org/apache/maven/maven-plugin-api/2.1.0/maven-plugin-api-2.1.0.jar:/Users/mvm/.m2/repository/org/apache/maven/maven-project/2.1.0/maven-project-2.1.0.jar:/Users/mvm/.m2/repository/org/apache/maven/maven-settings/2.1.0/maven-settings-2.1.0.jar:/Users/mvm/.m2/repository/org/apache/maven/maven-profile/2.1.0/maven-profile-2.1.0.jar:/Users/mvm/.m2/repository/org/apache/maven/maven-model/2.1.0/maven-model-2.1.0.jar:/Users/mvm/.m2/repository/org/apache/maven/maven-artifact-manager/2.1.0/maven-artifact-manager-2.1.0.jar:/Users/mvm/.m2/repository/org/apache/maven/maven-repository-metadata/2.1.0/maven-repository-metadata-2.1.0.jar:/Users/mvm/.m2/repository/org/apache/maven/wagon/wagon-provider-api/1.0-beta-5/wagon-provider-api-1.0-beta-5.jar:/Users/mvm/.m2/repository/backport-util-concurrent/backport-util-concurrent/3.1/backport-util-concurrent-3.1.jar:/Users/mvm/.m2/repository/org/apache/maven/maven-plugin-registry/2.1.0/maven-plugin-registry-2.1.0.jar:/Users/mvm/.m2/repository/org/codehaus/plexus/plexus-interpolation/1.8.1/plexus-interpolation-1.8.1.jar:/Users/mvm/.m2/repository/org/apache/maven/maven-artifact/2.1.0/maven-artifact-2.1.0.jar:/Users/mvm/.m2/repository/org/codehaus/plexus/plexus-container-default/1.0-alpha-9-stable-1/plexus-container-default-1.0-alpha-9-stable-1.jar:/Users/mvm/.m2/repository/junit/junit/3.8.1/junit-3.8.1.jar:/Users/mvm/.m2/repository/classworlds/classworlds/1.1-alpha-2/classworlds-1.1-alpha-2.jar:/Users/mvm/.m2/repository/org/codehaus/plexus/plexus-utils/1.5.6/plexus-utils-1.5.6.jar:/Users/mvm/.m2/repository/org/apache/maven/reporting/maven-reporting-api/2.1.0/maven-reporting-api-2.1.0.jar:/Users/mvm/.m2/repository/org/apache/maven/doxia/doxia-sink-api/1.1/doxia-sink-api-1.1.jar:/Users/mvm/.m2/repository/org/apache/maven/doxia/doxia-logging-api/1.1/doxia-logging-api-1.1.jar:/Users/mvm/.m2/repository/org/apache/maven/reporting/maven-reporting-impl/2.1/maven-reporting-impl-2.1.jar:/Users/mvm/.m2/repository/org/apache/maven/doxia/doxia-core/1.1.2/doxia-core-1.1.2.jar:/Users/mvm/.m2/repository/xerces/xercesImpl/2.8.1/xercesImpl-2.8.1.jar:/Users/mvm/.m2/repository/commons-lang/commons-lang/2.4/commons-lang-2.4.jar:/Users/mvm/.m2/repository/commons-httpclient/commons-httpclient/3.1/commons-httpclient-3.1.jar:/Users/mvm/.m2/repository/commons-codec/commons-codec/1.2/commons-codec-1.2.jar:/Users/mvm/.m2/repository/org/apache/maven/doxia/doxia-site-renderer/1.1.2/doxia-site-renderer-1.1.2.jar:/Users/mvm/.m2/repository/org/apache/maven/doxia/doxia-decoration-model/1.1.2/doxia-decoration-model-1.1.2.jar:/Users/mvm/.m2/repository/org/apache/maven/doxia/doxia-module-xhtml/1.1.2/doxia-module-xhtml-1.1.2.jar:/Users/mvm/.m2/repository/org/apache/maven/doxia/doxia-module-fml/1.1.2/doxia-module-fml-1.1.2.jar:/Users/mvm/.m2/repository/org/codehaus/plexus/plexus-i18n/1.0-beta-7/plexus-i18n-1.0-beta-7.jar:/Users/mvm/.m2/repository/org/codehaus/plexus/plexus-velocity/1.1.7/plexus-velocity-1.1.7.jar:/Users/mvm/.m2/repository/org/apache/velocity/velocity/1.5/velocity-1.5.jar:/Users/mvm/.m2/repository/commons-collections/commons-collections/3.2/commons-collections-3.2.jar:/Users/mvm/.m2/repository/commons-validator/commons-validator/1.2.0/commons-validator-1.2.0.jar:/Users/mvm/.m2/repository/commons-beanutils/commons-beanutils/1.7.0/commons-beanutils-1.7.0.jar:/Users/mvm/.m2/repository/commons-digester/commons-digester/1.6/commons-digester-1.6.jar:/Users/mvm/.m2/repository/commons-logging/commons-logging/1.0.4/commons-logging-1.0.4.jar:/Users/mvm/.m2/repository/oro/oro/2.0.8/oro-2.0.8.jar:/Users/mvm/.m2/repository/xml-apis/xml-apis/1.0.b2/xml-apis-1.0.b2.jar:/Users/mvm/.m2/repository/org/jacoco/org.jacoco.agent/0.6.2.201302030002/org.jacoco.agent-0.6.2.201302030002-runtime.jar:/Users/mvm/.m2/repository/org/jacoco/org.jacoco.core/0.6.2.201302030002/org.jacoco.core-0.6.2.201302030002.jar:/Users/mvm/.m2/repository/org/ow2/asm/asm-all/4.1/asm-all-4.1.jar:/Users/mvm/.m2/repository/org/jacoco/org.jacoco.report/0.6.2.201302030002/org.jacoco.report-0.6.2.201302030002.jar:"/>
    <property name="java.specification.name" value="Java Platform API Specification"/>
    <property name="java.class.version" value="51.0"/>
    <property name="sun.management.compiler" value="HotSpot 64-Bit Tiered Compilers"/>
    <property name="os.version" value="10.7.5"/>
    <property name="user.home" value="/Users/mvm"/>
    <property name="user.timezone" value=""/>
    <property name="java.awt.printerjob" value="sun.lwawt.macosx.CPrinterJob"/>
    <property name="java.specification.version" value="1.7"/>
    <property name="file.encoding" value="UTF-8"/>
    <property name="user.name" value="mvm"/>
    <property name="java.class.path" value="/Users/mvm/Documents/Eclipse/QualityGates/code/qualitygates/work/jobs/Project One/workspace/target/test-classes:/Users/mvm/Documents/Eclipse/QualityGates/code/qualitygates/work/jobs/Project One/workspace/target/classes:/Users/mvm/.m2/repository/junit/junit-dep/4.8.2/junit-dep-4.8.2.jar:/Users/mvm/.m2/repository/org/hamcrest/hamcrest-core/1.1/hamcrest-core-1.1.jar:/Users/mvm/.m2/repository/org/jacoco/jacoco-maven-plugin/0.6.2.201302030002/jacoco-maven-plugin-0.6.2.201302030002.jar:/Users/mvm/.m2/repository/org/apache/maven/maven-plugin-api/2.1.0/maven-plugin-api-2.1.0.jar:/Users/mvm/.m2/repository/org/apache/maven/maven-project/2.1.0/maven-project-2.1.0.jar:/Users/mvm/.m2/repository/org/apache/maven/maven-settings/2.1.0/maven-settings-2.1.0.jar:/Users/mvm/.m2/repository/org/apache/maven/maven-profile/2.1.0/maven-profile-2.1.0.jar:/Users/mvm/.m2/repository/org/apache/maven/maven-model/2.1.0/maven-model-2.1.0.jar:/Users/mvm/.m2/repository/org/apache/maven/maven-artifact-manager/2.1.0/maven-artifact-manager-2.1.0.jar:/Users/mvm/.m2/repository/org/apache/maven/maven-repository-metadata/2.1.0/maven-repository-metadata-2.1.0.jar:/Users/mvm/.m2/repository/org/apache/maven/wagon/wagon-provider-api/1.0-beta-5/wagon-provider-api-1.0-beta-5.jar:/Users/mvm/.m2/repository/backport-util-concurrent/backport-util-concurrent/3.1/backport-util-concurrent-3.1.jar:/Users/mvm/.m2/repository/org/apache/maven/maven-plugin-registry/2.1.0/maven-plugin-registry-2.1.0.jar:/Users/mvm/.m2/repository/org/codehaus/plexus/plexus-interpolation/1.8.1/plexus-interpolation-1.8.1.jar:/Users/mvm/.m2/repository/org/apache/maven/maven-artifact/2.1.0/maven-artifact-2.1.0.jar:/Users/mvm/.m2/repository/org/codehaus/plexus/plexus-container-default/1.0-alpha-9-stable-1/plexus-container-default-1.0-alpha-9-stable-1.jar:/Users/mvm/.m2/repository/junit/junit/3.8.1/junit-3.8.1.jar:/Users/mvm/.m2/repository/classworlds/classworlds/1.1-alpha-2/classworlds-1.1-alpha-2.jar:/Users/mvm/.m2/repository/org/codehaus/plexus/plexus-utils/1.5.6/plexus-utils-1.5.6.jar:/Users/mvm/.m2/repository/org/apache/maven/reporting/maven-reporting-api/2.1.0/maven-reporting-api-2.1.0.jar:/Users/mvm/.m2/repository/org/apache/maven/doxia/doxia-sink-api/1.1/doxia-sink-api-1.1.jar:/Users/mvm/.m2/repository/org/apache/maven/doxia/doxia-logging-api/1.1/doxia-logging-api-1.1.jar:/Users/mvm/.m2/repository/org/apache/maven/reporting/maven-reporting-impl/2.1/maven-reporting-impl-2.1.jar:/Users/mvm/.m2/repository/org/apache/maven/doxia/doxia-core/1.1.2/doxia-core-1.1.2.jar:/Users/mvm/.m2/repository/xerces/xercesImpl/2.8.1/xercesImpl-2.8.1.jar:/Users/mvm/.m2/repository/commons-lang/commons-lang/2.4/commons-lang-2.4.jar:/Users/mvm/.m2/repository/commons-httpclient/commons-httpclient/3.1/commons-httpclient-3.1.jar:/Users/mvm/.m2/repository/commons-codec/commons-codec/1.2/commons-codec-1.2.jar:/Users/mvm/.m2/repository/org/apache/maven/doxia/doxia-site-renderer/1.1.2/doxia-site-renderer-1.1.2.jar:/Users/mvm/.m2/repository/org/apache/maven/doxia/doxia-decoration-model/1.1.2/doxia-decoration-model-1.1.2.jar:/Users/mvm/.m2/repository/org/apache/maven/doxia/doxia-module-xhtml/1.1.2/doxia-module-xhtml-1.1.2.jar:/Users/mvm/.m2/repository/org/apache/maven/doxia/doxia-module-fml/1.1.2/doxia-module-fml-1.1.2.jar:/Users/mvm/.m2/repository/org/codehaus/plexus/plexus-i18n/1.0-beta-7/plexus-i18n-1.0-beta-7.jar:/Users/mvm/.m2/repository/org/codehaus/plexus/plexus-velocity/1.1.7/plexus-velocity-1.1.7.jar:/Users/mvm/.m2/repository/org/apache/velocity/velocity/1.5/velocity-1.5.jar:/Users/mvm/.m2/repository/commons-collections/commons-collections/3.2/commons-collections-3.2.jar:/Users/mvm/.m2/repository/commons-validator/commons-validator/1.2.0/commons-validator-1.2.0.jar:/Users/mvm/.m2/repository/commons-beanutils/commons-beanutils/1.7.0/commons-beanutils-1.7.0.jar:/Users/mvm/.m2/repository/commons-digester/commons-digester/1.6/commons-digester-1.6.jar:/Users/mvm/.m2/repository/commons-logging/commons-logging/1.0.4/commons-logging-1.0.4.jar:/Users/mvm/.m2/repository/oro/oro/2.0.8/oro-2.0.8.jar:/Users/mvm/.m2/repository/xml-apis/xml-apis/1.0.b2/xml-apis-1.0.b2.jar:/Users/mvm/.m2/repository/org/jacoco/org.jacoco.agent/0.6.2.201302030002/org.jacoco.agent-0.6.2.201302030002-runtime.jar:/Users/mvm/.m2/repository/org/jacoco/org.jacoco.core/0.6.2.201302030002/org.jacoco.core-0.6.2.201302030002.jar:/Users/mvm/.m2/repository/org/ow2/asm/asm-all/4.1/asm-all-4.1.jar:/Users/mvm/.m2/repository/org/jacoco/org.jacoco.report/0.6.2.201302030002/org.jacoco.report-0.6.2.201302030002.jar:"/>
    <property name="java.vm.specification.version" value="1.7"/>
    <property name="sun.arch.data.model" value="64"/>
    <property name="java.home" value="/Library/Java/JavaVirtualMachines/jdk1.7.0_10.jdk/Contents/Home/jre"/>
    <property name="sun.java.command" value="/Users/mvm/Documents/Eclipse/QualityGates/code/qualitygates/work/jobs/Project One/workspace/target/surefire/surefirebooter8568988537181873199.jar /Users/mvm/Documents/Eclipse/QualityGates/code/qualitygates/work/jobs/Project One/workspace/target/surefire/surefire5269841458269847172tmp /Users/mvm/Documents/Eclipse/QualityGates/code/qualitygates/work/jobs/Project One/workspace/target/surefire/surefire6775351653489436150tmp"/>
    <property name="java.specification.vendor" value="Oracle Corporation"/>
    <property name="user.language" value="de"/>
    <property name="awt.toolkit" value="sun.lwawt.macosx.LWCToolkit"/>
    <property name="java.vm.info" value="mixed mode"/>
    <property name="java.version" value="1.7.0_10"/>
    <property name="java.ext.dirs" value="/Users/mvm/Library/Java/Extensions:/Library/Java/JavaVirtualMachines/jdk1.7.0_10.jdk/Contents/Home/jre/lib/ext:/Library/Java/Extensions:/Network/Library/Java/Extensions:/System/Library/Java/Extensions:/usr/lib/java"/>
    <property name="sun.boot.class.path" value="/Library/Java/JavaVirtualMachines/jdk1.7.0_10.jdk/Contents/Home/jre/lib/resources.jar:/Library/Java/JavaVirtualMachines/jdk1.7.0_10.jdk/Contents/Home/jre/lib/rt.jar:/Library/Java/JavaVirtualMachines/jdk1.7.0_10.jdk/Contents/Home/jre/lib/sunrsasign.jar:/Library/Java/JavaVirtualMachines/jdk1.7.0_10.jdk/Contents/Home/jre/lib/jsse.jar:/Library/Java/JavaVirtualMachines/jdk1.7.0_10.jdk/Contents/Home/jre/lib/jce.jar:/Library/Java/JavaVirtualMachines/jdk1.7.0_10.jdk/Contents/Home/jre/lib/charsets.jar:/Library/Java/JavaVirtualMachines/jdk1.7.0_10.jdk/Contents/Home/jre/lib/jfr.jar:/Library/Java/JavaVirtualMachines/jdk1.7.0_10.jdk/Contents/Home/jre/lib/JObjC.jar:/Library/Java/JavaVirtualMachines/jdk1.7.0_10.jdk/Contents/Home/jre/classes"/>
    <property name="java.vendor" value="Oracle Corporation"/>
    <property name="localRepository" value="/Users/mvm/.m2/repository"/>
    <property name="file.separator" value="/"/>
    <property name="java.vendor.url.bug" value="http://bugreport.sun.com/bugreport/"/>
    <property name="sun.cpu.endian" value="little"/>
    <property name="sun.io.unicode.encoding" value="UnicodeBig"/>
    <property name="sun.cpu.isalist" value=""/>
  </properties>
  <testcase time="0.011" classname="model.UserTest" name="testGetLastNameWhenEmpty"/>
  <testcase time="0" classname="model.UserTest" name="testGetLastNameWhenNotEmpty"/>
  <testcase time="0" classname="model.UserTest" name="testGetFullnameSuccessfullWhenForeandLastNamespecified"/>
  <testcase time="0" classname="model.UserTest" name="testGetFullNameEmptyWhenForeNameEmpty"/>
  <testcase time="0" classname="model.UserTest" name="testGetFullNameEmptyWhenLastNameEmpty"/>
  <testcase time="0" classname="model.UserTest" name="testAddingNeighbourSavesGivenUserasNeighbour"/>
  <testcase time="0" classname="model.UserTest" name="testRemovingExistentNeighbour"/>
</testsuite>