<?xml version='1.0' encoding='UTF-8'?>
<result>
  <suites>
    <suite>
      <file>/home/mvm/git/Masterarbeit/code/jenkins-plugin-test/testing/target/surefire-reports/TEST-InjectedTest.xml</file>
      <name>InjectedTest</name>
      <duration>3.98</duration>
      <cases>
        <case>
          <duration>0.338</duration>
          <className>org.jvnet.hudson.test.JellyTestSuiteBuilder$JellyCheck</className>
          <testName>\/home\/mvm\/git\/Masterarbeit\/code\/jenkins-plugin-test\/testing\/target\/classes\/</testName>
          <skipped>false</skipped>
          <failedSince>0</failedSince>
        </case>
        <case>
          <duration>0.404</duration>
          <className>org.jvnet.hudson.test.JellyTestSuiteBuilder$JellyCheck</className>
          <testName>\/home\/mvm\/git\/Masterarbeit\/code\/jenkins-plugin-test\/testing\/target\/classes\/</testName>
          <skipped>false</skipped>
          <failedSince>0</failedSince>
        </case>
        <case>
          <duration>0.09</duration>
          <className>org.jvnet.hudson.test.JellyTestSuiteBuilder$JellyCheck</className>
          <testName>\/home\/mvm\/git\/Masterarbeit\/code\/jenkins-plugin-test\/testing\/target\/classes\/</testName>
          <skipped>false</skipped>
          <failedSince>0</failedSince>
        </case>
        <case>
          <duration>0.0</duration>
          <className>org.jvnet.hudson.test.junit.FailedTest</className>
          <testName>org.jvnet.hudson.test.JellyTestSuiteBuilder$JellyTestSuite</testName>
          <skipped>false</skipped>
          <failedSince>0</failedSince>
        </case>
        <case>
          <duration>3.148</duration>
          <className>org.jvnet.hudson.test.PluginAutomaticTestBuilder$CliSanityTest</className>
          <testName>testCliSanity</testName>
          <skipped>false</skipped>
          <failedSince>0</failedSince>
        </case>
      </cases>
    </suite>
    <suite>
      <file>/home/mvm/git/Masterarbeit/code/jenkins-plugin-test/testing/target/surefire-reports/TEST-org.jenkinsci.plugins.test.HelloWorldBuilderTest.xml</file>
      <name>org.jenkinsci.plugins.test.HelloWorldBuilderTest</name>
      <duration>0.002</duration>
      <cases>
        <case>
          <duration>0.002</duration>
          <className>org.jenkinsci.plugins.test.HelloWorldBuilderTest</className>
          <testName>testGetName</testName>
          <skipped>false</skipped>
          <failedSince>0</failedSince>
        </case>
      </cases>
    </suite>
  </suites>
  <duration>3.982</duration>
  <keepLongStdio>false</keepLongStdio>
</result>